
*** Running vivado
    with args -log adctest.vds -m64 -product Vivado -mode batch -messageDb vivado.pb -notrace -source adctest.tcl


ECHO is off.
ECHO is off.

****** Vivado v2023.2 (64-bit)
  **** SW Build 4029153 on Fri Oct 13 20:14:34 MDT 2023
  **** IP Build 4028589 on Sat Oct 14 00:45:43 MDT 2023
  **** SharedData Build 4025554 on Tue Oct 10 17:18:54 MDT 2023
    ** Copyright 1986-2022 Xilinx, Inc. All Rights Reserved.
    ** Copyright 2022-2023 Advanced Micro Devices, Inc. All Rights Reserved.

source adctest.tcl -notrace
Command: read_checkpoint -auto_incremental -incremental C:/Users/Peter/Documents/GitHub/xilinx-fpga-projects/bb-template/bb-template.srcs/utils_1/imports/synth_1/project1_demo.dcp
INFO: [Vivado 12-5825] Read reference checkpoint from C:/Users/Peter/Documents/GitHub/xilinx-fpga-projects/bb-template/bb-template.srcs/utils_1/imports/synth_1/project1_demo.dcp for incremental synthesis
INFO: [Vivado 12-7989] Please ensure there are no constraint changes
Command: synth_design -top adctest -part xc7s50csga324-1
Starting synth_design
Attempting to get a license for feature 'Synthesis' and/or device 'xc7s50'
INFO: [Common 17-349] Got license for feature 'Synthesis' and/or device 'xc7s50'
INFO: [Device 21-403] Loading part xc7s50csga324-1
INFO: [Synth 8-7079] Multithreading enabled for synth_design using a maximum of 2 processes.
INFO: [Synth 8-7078] Launching helper process for spawning children vivado processes
INFO: [Synth 8-7075] Helper process launched with PID 67500
---------------------------------------------------------------------------------
Starting RTL Elaboration : Time (s): cpu = 00:00:01 ; elapsed = 00:00:03 . Memory (MB): peak = 1313.070 ; gain = 438.012
---------------------------------------------------------------------------------
INFO: [Synth 8-6157] synthesizing module 'adctest' [C:/Users/Peter/Documents/GitHub/xilinx-fpga-projects/bb-template/bb-template.srcs/sources_1/new/adctest.v:23]
INFO: [Synth 8-6155] done synthesizing module 'adctest' (0#1) [C:/Users/Peter/Documents/GitHub/xilinx-fpga-projects/bb-template/bb-template.srcs/sources_1/new/adctest.v:23]
WARNING: [Synth 8-3330] design adctest has an empty top module
WARNING: [Synth 8-7129] Port led[15] in module adctest is either unconnected or has no load
WARNING: [Synth 8-7129] Port led[14] in module adctest is either unconnected or has no load
WARNING: [Synth 8-7129] Port led[13] in module adctest is either unconnected or has no load
WARNING: [Synth 8-7129] Port led[12] in module adctest is either unconnected or has no load
WARNING: [Synth 8-7129] Port led[11] in module adctest is either unconnected or has no load
WARNING: [Synth 8-7129] Port led[10] in module adctest is either unconnected or has no load
WARNING: [Synth 8-7129] Port led[9] in module adctest is either unconnected or has no load
WARNING: [Synth 8-7129] Port led[8] in module adctest is either unconnected or has no load
WARNING: [Synth 8-7129] Port led[7] in module adctest is either unconnected or has no load
WARNING: [Synth 8-7129] Port led[6] in module adctest is either unconnected or has no load
WARNING: [Synth 8-7129] Port led[5] in module adctest is either unconnected or has no load
WARNING: [Synth 8-7129] Port led[4] in module adctest is either unconnected or has no load
WARNING: [Synth 8-7129] Port led[3] in module adctest is either unconnected or has no load
WARNING: [Synth 8-7129] Port led[2] in module adctest is either unconnected or has no load
---------------------------------------------------------------------------------
Finished RTL Elaboration : Time (s): cpu = 00:00:01 ; elapsed = 00:00:04 . Memory (MB): peak = 1418.836 ; gain = 543.777
---------------------------------------------------------------------------------
---------------------------------------------------------------------------------
Start Handling Custom Attributes
---------------------------------------------------------------------------------
---------------------------------------------------------------------------------
Finished Handling Custom Attributes : Time (s): cpu = 00:00:01 ; elapsed = 00:00:04 . Memory (MB): peak = 1418.836 ; gain = 543.777
---------------------------------------------------------------------------------
---------------------------------------------------------------------------------
Finished RTL Optimization Phase 1 : Time (s): cpu = 00:00:01 ; elapsed = 00:00:04 . Memory (MB): peak = 1418.836 ; gain = 543.777
---------------------------------------------------------------------------------
Netlist sorting complete. Time (s): cpu = 00:00:00 ; elapsed = 00:00:00 . Memory (MB): peak = 1418.836 ; gain = 0.000
INFO: [Project 1-570] Preparing netlist for logic optimization

Processing XDC Constraints
Initializing timing engine
Parsing XDC File [C:/Users/Peter/Documents/GitHub/xilinx-fpga-projects/booleanboard.xdc]
WARNING: [Vivado 12-584] No ports matched 'mclk'. [C:/Users/Peter/Documents/GitHub/xilinx-fpga-projects/booleanboard.xdc:2]
CRITICAL WARNING: [Common 17-55] 'set_property' expects at least one object. [C:/Users/Peter/Documents/GitHub/xilinx-fpga-projects/booleanboard.xdc:2]
Resolution: If [get_<value>] was used to populate the object, check to make sure this command returns at least one valid object.
WARNING: [Vivado 12-584] No ports matched 'sw[0]'. [C:/Users/Peter/Documents/GitHub/xilinx-fpga-projects/booleanboard.xdc:5]
CRITICAL WARNING: [Common 17-55] 'set_property' expects at least one object. [C:/Users/Peter/Documents/GitHub/xilinx-fpga-projects/booleanboard.xdc:5]
Resolution: If [get_<value>] was used to populate the object, check to make sure this command returns at least one valid object.
WARNING: [Vivado 12-584] No ports matched 'sw[1]'. [C:/Users/Peter/Documents/GitHub/xilinx-fpga-projects/booleanboard.xdc:6]
CRITICAL WARNING: [Common 17-55] 'set_property' expects at least one object. [C:/Users/Peter/Documents/GitHub/xilinx-fpga-projects/booleanboard.xdc:6]
Resolution: If [get_<value>] was used to populate the object, check to make sure this command returns at least one valid object.
WARNING: [Vivado 12-584] No ports matched 'sw[2]'. [C:/Users/Peter/Documents/GitHub/xilinx-fpga-projects/booleanboard.xdc:7]
CRITICAL WARNING: [Common 17-55] 'set_property' expects at least one object. [C:/Users/Peter/Documents/GitHub/xilinx-fpga-projects/booleanboard.xdc:7]
Resolution: If [get_<value>] was used to populate the object, check to make sure this command returns at least one valid object.
WARNING: [Vivado 12-584] No ports matched 'sw[3]'. [C:/Users/Peter/Documents/GitHub/xilinx-fpga-projects/booleanboard.xdc:8]
CRITICAL WARNING: [Common 17-55] 'set_property' expects at least one object. [C:/Users/Peter/Documents/GitHub/xilinx-fpga-projects/booleanboard.xdc:8]
Resolution: If [get_<value>] was used to populate the object, check to make sure this command returns at least one valid object.
WARNING: [Vivado 12-584] No ports matched 'sw[4]'. [C:/Users/Peter/Documents/GitHub/xilinx-fpga-projects/booleanboard.xdc:9]
CRITICAL WARNING: [Common 17-55] 'set_property' expects at least one object. [C:/Users/Peter/Documents/GitHub/xilinx-fpga-projects/booleanboard.xdc:9]
Resolution: If [get_<value>] was used to populate the object, check to make sure this command returns at least one valid object.
WARNING: [Vivado 12-584] No ports matched 'sw[5]'. [C:/Users/Peter/Documents/GitHub/xilinx-fpga-projects/booleanboard.xdc:10]
CRITICAL WARNING: [Common 17-55] 'set_property' expects at least one object. [C:/Users/Peter/Documents/GitHub/xilinx-fpga-projects/booleanboard.xdc:10]
Resolution: If [get_<value>] was used to populate the object, check to make sure this command returns at least one valid object.
WARNING: [Vivado 12-584] No ports matched 'sw[6]'. [C:/Users/Peter/Documents/GitHub/xilinx-fpga-projects/booleanboard.xdc:11]
CRITICAL WARNING: [Common 17-55] 'set_property' expects at least one object. [C:/Users/Peter/Documents/GitHub/xilinx-fpga-projects/booleanboard.xdc:11]
Resolution: If [get_<value>] was used to populate the object, check to make sure this command returns at least one valid object.
WARNING: [Vivado 12-584] No ports matched 'sw[7]'. [C:/Users/Peter/Documents/GitHub/xilinx-fpga-projects/booleanboard.xdc:12]
CRITICAL WARNING: [Common 17-55] 'set_property' expects at least one object. [C:/Users/Peter/Documents/GitHub/xilinx-fpga-projects/booleanboard.xdc:12]
Resolution: If [get_<value>] was used to populate the object, check to make sure this command returns at least one valid object.
WARNING: [Vivado 12-584] No ports matched 'sw[8]'. [C:/Users/Peter/Documents/GitHub/xilinx-fpga-projects/booleanboard.xdc:13]
CRITICAL WARNING: [Common 17-55] 'set_property' expects at least one object. [C:/Users/Peter/Documents/GitHub/xilinx-fpga-projects/booleanboard.xdc:13]
Resolution: If [get_<value>] was used to populate the object, check to make sure this command returns at least one valid object.
WARNING: [Vivado 12-584] No ports matched 'sw[9]'. [C:/Users/Peter/Documents/GitHub/xilinx-fpga-projects/booleanboard.xdc:14]
CRITICAL WARNING: [Common 17-55] 'set_property' expects at least one object. [C:/Users/Peter/Documents/GitHub/xilinx-fpga-projects/booleanboard.xdc:14]
Resolution: If [get_<value>] was used to populate the object, check to make sure this command returns at least one valid object.
WARNING: [Vivado 12-584] No ports matched 'sw[10]'. [C:/Users/Peter/Documents/GitHub/xilinx-fpga-projects/booleanboard.xdc:15]
CRITICAL WARNING: [Common 17-55] 'set_property' expects at least one object. [C:/Users/Peter/Documents/GitHub/xilinx-fpga-projects/booleanboard.xdc:15]
Resolution: If [get_<value>] was used to populate the object, check to make sure this command returns at least one valid object.
WARNING: [Vivado 12-584] No ports matched 'sw[11]'. [C:/Users/Peter/Documents/GitHub/xilinx-fpga-projects/booleanboard.xdc:16]
CRITICAL WARNING: [Common 17-55] 'set_property' expects at least one object. [C:/Users/Peter/Documents/GitHub/xilinx-fpga-projects/booleanboard.xdc:16]
Resolution: If [get_<value>] was used to populate the object, check to make sure this command returns at least one valid object.
WARNING: [Vivado 12-584] No ports matched 'sw[12]'. [C:/Users/Peter/Documents/GitHub/xilinx-fpga-projects/booleanboard.xdc:17]
CRITICAL WARNING: [Common 17-55] 'set_property' expects at least one object. [C:/Users/Peter/Documents/GitHub/xilinx-fpga-projects/booleanboard.xdc:17]
Resolution: If [get_<value>] was used to populate the object, check to make sure this command returns at least one valid object.
WARNING: [Vivado 12-584] No ports matched 'sw[13]'. [C:/Users/Peter/Documents/GitHub/xilinx-fpga-projects/booleanboard.xdc:18]
CRITICAL WARNING: [Common 17-55] 'set_property' expects at least one object. [C:/Users/Peter/Documents/GitHub/xilinx-fpga-projects/booleanboard.xdc:18]
Resolution: If [get_<value>] was used to populate the object, check to make sure this command returns at least one valid object.
WARNING: [Vivado 12-584] No ports matched 'sw[14]'. [C:/Users/Peter/Documents/GitHub/xilinx-fpga-projects/booleanboard.xdc:19]
CRITICAL WARNING: [Common 17-55] 'set_property' expects at least one object. [C:/Users/Peter/Documents/GitHub/xilinx-fpga-projects/booleanboard.xdc:19]
Resolution: If [get_<value>] was used to populate the object, check to make sure this command returns at least one valid object.
WARNING: [Vivado 12-584] No ports matched 'sw[15]'. [C:/Users/Peter/Documents/GitHub/xilinx-fpga-projects/booleanboard.xdc:20]
CRITICAL WARNING: [Common 17-55] 'set_property' expects at least one object. [C:/Users/Peter/Documents/GitHub/xilinx-fpga-projects/booleanboard.xdc:20]
Resolution: If [get_<value>] was used to populate the object, check to make sure this command returns at least one valid object.
WARNING: [Vivado 12-584] No ports matched 'btn[0]'. [C:/Users/Peter/Documents/GitHub/xilinx-fpga-projects/booleanboard.xdc:41]
CRITICAL WARNING: [Common 17-55] 'set_property' expects at least one object. [C:/Users/Peter/Documents/GitHub/xilinx-fpga-projects/booleanboard.xdc:41]
Resolution: If [get_<value>] was used to populate the object, check to make sure this command returns at least one valid object.
WARNING: [Vivado 12-584] No ports matched 'btn[1]'. [C:/Users/Peter/Documents/GitHub/xilinx-fpga-projects/booleanboard.xdc:42]
CRITICAL WARNING: [Common 17-55] 'set_property' expects at least one object. [C:/Users/Peter/Documents/GitHub/xilinx-fpga-projects/booleanboard.xdc:42]
Resolution: If [get_<value>] was used to populate the object, check to make sure this command returns at least one valid object.
WARNING: [Vivado 12-584] No ports matched 'btn[2]'. [C:/Users/Peter/Documents/GitHub/xilinx-fpga-projects/booleanboard.xdc:43]
CRITICAL WARNING: [Common 17-55] 'set_property' expects at least one object. [C:/Users/Peter/Documents/GitHub/xilinx-fpga-projects/booleanboard.xdc:43]
Resolution: If [get_<value>] was used to populate the object, check to make sure this command returns at least one valid object.
WARNING: [Vivado 12-584] No ports matched 'btn[3]'. [C:/Users/Peter/Documents/GitHub/xilinx-fpga-projects/booleanboard.xdc:44]
CRITICAL WARNING: [Common 17-55] 'set_property' expects at least one object. [C:/Users/Peter/Documents/GitHub/xilinx-fpga-projects/booleanboard.xdc:44]
Resolution: If [get_<value>] was used to populate the object, check to make sure this command returns at least one valid object.
WARNING: [Vivado 12-507] No nets matched 'btn[0]'. [C:/Users/Peter/Documents/GitHub/xilinx-fpga-projects/booleanboard.xdc:46]
CRITICAL WARNING: [Common 17-55] 'set_property' expects at least one object. [C:/Users/Peter/Documents/GitHub/xilinx-fpga-projects/booleanboard.xdc:46]
Resolution: If [get_<value>] was used to populate the object, check to make sure this command returns at least one valid object.
WARNING: [Vivado 12-507] No nets matched 'btn[1]'. [C:/Users/Peter/Documents/GitHub/xilinx-fpga-projects/booleanboard.xdc:47]
CRITICAL WARNING: [Common 17-55] 'set_property' expects at least one object. [C:/Users/Peter/Documents/GitHub/xilinx-fpga-projects/booleanboard.xdc:47]
Resolution: If [get_<value>] was used to populate the object, check to make sure this command returns at least one valid object.
WARNING: [Vivado 12-507] No nets matched 'btn[2]'. [C:/Users/Peter/Documents/GitHub/xilinx-fpga-projects/booleanboard.xdc:48]
CRITICAL WARNING: [Common 17-55] 'set_property' expects at least one object. [C:/Users/Peter/Documents/GitHub/xilinx-fpga-projects/booleanboard.xdc:48]
Resolution: If [get_<value>] was used to populate the object, check to make sure this command returns at least one valid object.
WARNING: [Vivado 12-507] No nets matched 'btn[3]'. [C:/Users/Peter/Documents/GitHub/xilinx-fpga-projects/booleanboard.xdc:49]
CRITICAL WARNING: [Common 17-55] 'set_property' expects at least one object. [C:/Users/Peter/Documents/GitHub/xilinx-fpga-projects/booleanboard.xdc:49]
Resolution: If [get_<value>] was used to populate the object, check to make sure this command returns at least one valid object.
WARNING: [Vivado 12-584] No ports matched 'RGB0[0]'. [C:/Users/Peter/Documents/GitHub/xilinx-fpga-projects/booleanboard.xdc:52]
CRITICAL WARNING: [Common 17-55] 'set_property' expects at least one object. [C:/Users/Peter/Documents/GitHub/xilinx-fpga-projects/booleanboard.xdc:52]
Resolution: If [get_<value>] was used to populate the object, check to make sure this command returns at least one valid object.
WARNING: [Vivado 12-584] No ports matched 'RGB0[1]'. [C:/Users/Peter/Documents/GitHub/xilinx-fpga-projects/booleanboard.xdc:53]
CRITICAL WARNING: [Common 17-55] 'set_property' expects at least one object. [C:/Users/Peter/Documents/GitHub/xilinx-fpga-projects/booleanboard.xdc:53]
Resolution: If [get_<value>] was used to populate the object, check to make sure this command returns at least one valid object.
WARNING: [Vivado 12-584] No ports matched 'RGB0[2]'. [C:/Users/Peter/Documents/GitHub/xilinx-fpga-projects/booleanboard.xdc:54]
CRITICAL WARNING: [Common 17-55] 'set_property' expects at least one object. [C:/Users/Peter/Documents/GitHub/xilinx-fpga-projects/booleanboard.xdc:54]
Resolution: If [get_<value>] was used to populate the object, check to make sure this command returns at least one valid object.
WARNING: [Vivado 12-584] No ports matched 'RGB1[0]'. [C:/Users/Peter/Documents/GitHub/xilinx-fpga-projects/booleanboard.xdc:55]
CRITICAL WARNING: [Common 17-55] 'set_property' expects at least one object. [C:/Users/Peter/Documents/GitHub/xilinx-fpga-projects/booleanboard.xdc:55]
Resolution: If [get_<value>] was used to populate the object, check to make sure this command returns at least one valid object.
WARNING: [Vivado 12-584] No ports matched 'RGB1[1]'. [C:/Users/Peter/Documents/GitHub/xilinx-fpga-projects/booleanboard.xdc:56]
CRITICAL WARNING: [Common 17-55] 'set_property' expects at least one object. [C:/Users/Peter/Documents/GitHub/xilinx-fpga-projects/booleanboard.xdc:56]
Resolution: If [get_<value>] was used to populate the object, check to make sure this command returns at least one valid object.
WARNING: [Vivado 12-584] No ports matched 'RGB1[2]'. [C:/Users/Peter/Documents/GitHub/xilinx-fpga-projects/booleanboard.xdc:57]
CRITICAL WARNING: [Common 17-55] 'set_property' expects at least one object. [C:/Users/Peter/Documents/GitHub/xilinx-fpga-projects/booleanboard.xdc:57]
Resolution: If [get_<value>] was used to populate the object, check to make sure this command returns at least one valid object.
WARNING: [Vivado 12-584] No ports matched 'D0_a[0]'. [C:/Users/Peter/Documents/GitHub/xilinx-fpga-projects/booleanboard.xdc:60]
CRITICAL WARNING: [Common 17-55] 'set_property' expects at least one object. [C:/Users/Peter/Documents/GitHub/xilinx-fpga-projects/booleanboard.xdc:60]
Resolution: If [get_<value>] was used to populate the object, check to make sure this command returns at least one valid object.
WARNING: [Vivado 12-584] No ports matched 'D0_a[1]'. [C:/Users/Peter/Documents/GitHub/xilinx-fpga-projects/booleanboard.xdc:61]
CRITICAL WARNING: [Common 17-55] 'set_property' expects at least one object. [C:/Users/Peter/Documents/GitHub/xilinx-fpga-projects/booleanboard.xdc:61]
Resolution: If [get_<value>] was used to populate the object, check to make sure this command returns at least one valid object.
WARNING: [Vivado 12-584] No ports matched 'D0_a[2]'. [C:/Users/Peter/Documents/GitHub/xilinx-fpga-projects/booleanboard.xdc:62]
CRITICAL WARNING: [Common 17-55] 'set_property' expects at least one object. [C:/Users/Peter/Documents/GitHub/xilinx-fpga-projects/booleanboard.xdc:62]
Resolution: If [get_<value>] was used to populate the object, check to make sure this command returns at least one valid object.
WARNING: [Vivado 12-584] No ports matched 'D0_a[3]'. [C:/Users/Peter/Documents/GitHub/xilinx-fpga-projects/booleanboard.xdc:63]
CRITICAL WARNING: [Common 17-55] 'set_property' expects at least one object. [C:/Users/Peter/Documents/GitHub/xilinx-fpga-projects/booleanboard.xdc:63]
Resolution: If [get_<value>] was used to populate the object, check to make sure this command returns at least one valid object.
WARNING: [Vivado 12-584] No ports matched 'D0_seg[0]'. [C:/Users/Peter/Documents/GitHub/xilinx-fpga-projects/booleanboard.xdc:64]
CRITICAL WARNING: [Common 17-55] 'set_property' expects at least one object. [C:/Users/Peter/Documents/GitHub/xilinx-fpga-projects/booleanboard.xdc:64]
Resolution: If [get_<value>] was used to populate the object, check to make sure this command returns at least one valid object.
WARNING: [Vivado 12-584] No ports matched 'D0_seg[1]'. [C:/Users/Peter/Documents/GitHub/xilinx-fpga-projects/booleanboard.xdc:65]
CRITICAL WARNING: [Common 17-55] 'set_property' expects at least one object. [C:/Users/Peter/Documents/GitHub/xilinx-fpga-projects/booleanboard.xdc:65]
Resolution: If [get_<value>] was used to populate the object, check to make sure this command returns at least one valid object.
WARNING: [Vivado 12-584] No ports matched 'D0_seg[2]'. [C:/Users/Peter/Documents/GitHub/xilinx-fpga-projects/booleanboard.xdc:66]
CRITICAL WARNING: [Common 17-55] 'set_property' expects at least one object. [C:/Users/Peter/Documents/GitHub/xilinx-fpga-projects/booleanboard.xdc:66]
Resolution: If [get_<value>] was used to populate the object, check to make sure this command returns at least one valid object.
WARNING: [Vivado 12-584] No ports matched 'D0_seg[3]'. [C:/Users/Peter/Documents/GitHub/xilinx-fpga-projects/booleanboard.xdc:67]
CRITICAL WARNING: [Common 17-55] 'set_property' expects at least one object. [C:/Users/Peter/Documents/GitHub/xilinx-fpga-projects/booleanboard.xdc:67]
Resolution: If [get_<value>] was used to populate the object, check to make sure this command returns at least one valid object.
WARNING: [Vivado 12-584] No ports matched 'D0_seg[4]'. [C:/Users/Peter/Documents/GitHub/xilinx-fpga-projects/booleanboard.xdc:68]
CRITICAL WARNING: [Common 17-55] 'set_property' expects at least one object. [C:/Users/Peter/Documents/GitHub/xilinx-fpga-projects/booleanboard.xdc:68]
Resolution: If [get_<value>] was used to populate the object, check to make sure this command returns at least one valid object.
WARNING: [Vivado 12-584] No ports matched 'D0_seg[5]'. [C:/Users/Peter/Documents/GitHub/xilinx-fpga-projects/booleanboard.xdc:69]
CRITICAL WARNING: [Common 17-55] 'set_property' expects at least one object. [C:/Users/Peter/Documents/GitHub/xilinx-fpga-projects/booleanboard.xdc:69]
Resolution: If [get_<value>] was used to populate the object, check to make sure this command returns at least one valid object.
WARNING: [Vivado 12-584] No ports matched 'D0_seg[6]'. [C:/Users/Peter/Documents/GitHub/xilinx-fpga-projects/booleanboard.xdc:70]
CRITICAL WARNING: [Common 17-55] 'set_property' expects at least one object. [C:/Users/Peter/Documents/GitHub/xilinx-fpga-projects/booleanboard.xdc:70]
Resolution: If [get_<value>] was used to populate the object, check to make sure this command returns at least one valid object.
WARNING: [Vivado 12-584] No ports matched 'D0_seg[7]'. [C:/Users/Peter/Documents/GitHub/xilinx-fpga-projects/booleanboard.xdc:71]
CRITICAL WARNING: [Common 17-55] 'set_property' expects at least one object. [C:/Users/Peter/Documents/GitHub/xilinx-fpga-projects/booleanboard.xdc:71]
Resolution: If [get_<value>] was used to populate the object, check to make sure this command returns at least one valid object.
WARNING: [Vivado 12-584] No ports matched 'D1_a[0]'. [C:/Users/Peter/Documents/GitHub/xilinx-fpga-projects/booleanboard.xdc:74]
CRITICAL WARNING: [Common 17-55] 'set_property' expects at least one object. [C:/Users/Peter/Documents/GitHub/xilinx-fpga-projects/booleanboard.xdc:74]
Resolution: If [get_<value>] was used to populate the object, check to make sure this command returns at least one valid object.
WARNING: [Vivado 12-584] No ports matched 'D1_a[1]'. [C:/Users/Peter/Documents/GitHub/xilinx-fpga-projects/booleanboard.xdc:75]
CRITICAL WARNING: [Common 17-55] 'set_property' expects at least one object. [C:/Users/Peter/Documents/GitHub/xilinx-fpga-projects/booleanboard.xdc:75]
Resolution: If [get_<value>] was used to populate the object, check to make sure this command returns at least one valid object.
WARNING: [Vivado 12-584] No ports matched 'D1_a[2]'. [C:/Users/Peter/Documents/GitHub/xilinx-fpga-projects/booleanboard.xdc:76]
CRITICAL WARNING: [Common 17-55] 'set_property' expects at least one object. [C:/Users/Peter/Documents/GitHub/xilinx-fpga-projects/booleanboard.xdc:76]
Resolution: If [get_<value>] was used to populate the object, check to make sure this command returns at least one valid object.
WARNING: [Vivado 12-584] No ports matched 'D1_a[3]'. [C:/Users/Peter/Documents/GitHub/xilinx-fpga-projects/booleanboard.xdc:77]
CRITICAL WARNING: [Common 17-55] 'set_property' expects at least one object. [C:/Users/Peter/Documents/GitHub/xilinx-fpga-projects/booleanboard.xdc:77]
Resolution: If [get_<value>] was used to populate the object, check to make sure this command returns at least one valid object.
WARNING: [Vivado 12-584] No ports matched 'D1_seg[0]'. [C:/Users/Peter/Documents/GitHub/xilinx-fpga-projects/booleanboard.xdc:78]
CRITICAL WARNING: [Common 17-55] 'set_property' expects at least one object. [C:/Users/Peter/Documents/GitHub/xilinx-fpga-projects/booleanboard.xdc:78]
Resolution: If [get_<value>] was used to populate the object, check to make sure this command returns at least one valid object.
WARNING: [Vivado 12-584] No ports matched 'D1_seg[1]'. [C:/Users/Peter/Documents/GitHub/xilinx-fpga-projects/booleanboard.xdc:79]
CRITICAL WARNING: [Common 17-55] 'set_property' expects at least one object. [C:/Users/Peter/Documents/GitHub/xilinx-fpga-projects/booleanboard.xdc:79]
Resolution: If [get_<value>] was used to populate the object, check to make sure this command returns at least one valid object.
WARNING: [Vivado 12-584] No ports matched 'D1_seg[2]'. [C:/Users/Peter/Documents/GitHub/xilinx-fpga-projects/booleanboard.xdc:80]
CRITICAL WARNING: [Common 17-55] 'set_property' expects at least one object. [C:/Users/Peter/Documents/GitHub/xilinx-fpga-projects/booleanboard.xdc:80]
Resolution: If [get_<value>] was used to populate the object, check to make sure this command returns at least one valid object.
WARNING: [Vivado 12-584] No ports matched 'D1_seg[3]'. [C:/Users/Peter/Documents/GitHub/xilinx-fpga-projects/booleanboard.xdc:81]
CRITICAL WARNING: [Common 17-55] 'set_property' expects at least one object. [C:/Users/Peter/Documents/GitHub/xilinx-fpga-projects/booleanboard.xdc:81]
Resolution: If [get_<value>] was used to populate the object, check to make sure this command returns at least one valid object.
WARNING: [Vivado 12-584] No ports matched 'D1_seg[4]'. [C:/Users/Peter/Documents/GitHub/xilinx-fpga-projects/booleanboard.xdc:82]
CRITICAL WARNING: [Common 17-55] 'set_property' expects at least one object. [C:/Users/Peter/Documents/GitHub/xilinx-fpga-projects/booleanboard.xdc:82]
Resolution: If [get_<value>] was used to populate the object, check to make sure this command returns at least one valid object.
WARNING: [Vivado 12-584] No ports matched 'D1_seg[5]'. [C:/Users/Peter/Documents/GitHub/xilinx-fpga-projects/booleanboard.xdc:83]
CRITICAL WARNING: [Common 17-55] 'set_property' expects at least one object. [C:/Users/Peter/Documents/GitHub/xilinx-fpga-projects/booleanboard.xdc:83]
Resolution: If [get_<value>] was used to populate the object, check to make sure this command returns at least one valid object.
WARNING: [Vivado 12-584] No ports matched 'D1_seg[6]'. [C:/Users/Peter/Documents/GitHub/xilinx-fpga-projects/booleanboard.xdc:84]
CRITICAL WARNING: [Common 17-55] 'set_property' expects at least one object. [C:/Users/Peter/Documents/GitHub/xilinx-fpga-projects/booleanboard.xdc:84]
Resolution: If [get_<value>] was used to populate the object, check to make sure this command returns at least one valid object.
WARNING: [Vivado 12-584] No ports matched 'D1_seg[7]'. [C:/Users/Peter/Documents/GitHub/xilinx-fpga-projects/booleanboard.xdc:85]
CRITICAL WARNING: [Common 17-55] 'set_property' expects at least one object. [C:/Users/Peter/Documents/GitHub/xilinx-fpga-projects/booleanboard.xdc:85]
Resolution: If [get_<value>] was used to populate the object, check to make sure this command returns at least one valid object.
Finished Parsing XDC File [C:/Users/Peter/Documents/GitHub/xilinx-fpga-projects/booleanboard.xdc]
INFO: [Project 1-236] Implementation specific constraints were found while reading constraint file [C:/Users/Peter/Documents/GitHub/xilinx-fpga-projects/booleanboard.xdc]. These constraints will be ignored for synthesis but will be used in implementation. Impacted constraints are listed in the file [.Xil/adctest_propImpl.xdc].
Resolution: To avoid this warning, move constraints listed in [.Xil/adctest_propImpl.xdc] to another XDC file and exclude this new file from synthesis with the used_in_synthesis property (File Properties dialog in GUI) and re-run elaboration/synthesis.
Completed Processing XDC Constraints

Netlist sorting complete. Time (s): cpu = 00:00:00 ; elapsed = 00:00:00 . Memory (MB): peak = 1418.836 ; gain = 0.000
INFO: [Project 1-111] Unisim Transformation Summary:
No Unisim elements were transformed.

The system cannot find the path specified.
Constraint Validation Runtime : Time (s): cpu = 00:00:00 ; elapsed = 00:00:00.001 . Memory (MB): peak = 1418.836 ; gain = 0.000
---------------------------------------------------------------------------------
Finished Constraint Validation : Time (s): cpu = 00:00:01 ; elapsed = 00:00:08 . Memory (MB): peak = 1418.836 ; gain = 543.777
---------------------------------------------------------------------------------
---------------------------------------------------------------------------------
Start Loading Part and Timing Information
---------------------------------------------------------------------------------
Loading part: xc7s50csga324-1
---------------------------------------------------------------------------------
Finished Loading Part and Timing Information : Time (s): cpu = 00:00:01 ; elapsed = 00:00:08 . Memory (MB): peak = 1418.836 ; gain = 543.777
---------------------------------------------------------------------------------
---------------------------------------------------------------------------------
Start Applying 'set_property' XDC Constraints
---------------------------------------------------------------------------------
---------------------------------------------------------------------------------
Finished applying 'set_property' XDC Constraints : Time (s): cpu = 00:00:01 ; elapsed = 00:00:08 . Memory (MB): peak = 1418.836 ; gain = 543.777
---------------------------------------------------------------------------------
---------------------------------------------------------------------------------
Start Preparing Guide Design
---------------------------------------------------------------------------------
CRITICAL WARNING: [Synth 8-6895] The reference checkpoint C:/Users/Peter/Documents/GitHub/xilinx-fpga-projects/bb-template/bb-template.srcs/utils_1/imports/synth_1/project1_demo.dcp is not suitable for use with incremental synthesis for this design. Please regenerate the checkpoint for this design with -incremental_synth switch in the same Vivado session that synth_design has been run. Synthesis will continue with the default flow
---------------------------------------------------------------------------------
Finished Doing Graph Differ : Time (s): cpu = 00:00:01 ; elapsed = 00:00:08 . Memory (MB): peak = 1418.836 ; gain = 543.777
---------------------------------------------------------------------------------
---------------------------------------------------------------------------------
Finished Preparing Guide Design : Time (s): cpu = 00:00:01 ; elapsed = 00:00:08 . Memory (MB): peak = 1418.836 ; gain = 543.777
---------------------------------------------------------------------------------
---------------------------------------------------------------------------------
Finished RTL Optimization Phase 2 : Time (s): cpu = 00:00:01 ; elapsed = 00:00:08 . Memory (MB): peak = 1418.836 ; gain = 543.777
---------------------------------------------------------------------------------


Incremental Synthesis Report Summary:

1. Incremental synthesis run: no

   Reason for not running incremental synthesis : 


INFO: [Synth 8-7130] Flow is switching to default flow due to incremental criteria not met. If you would like to alter this behaviour and have the flow terminate instead, please set the following parameter config_implementation {autoIncr.Synth.RejectBehavior Terminate}
---------------------------------------------------------------------------------
Start RTL Component Statistics 
---------------------------------------------------------------------------------
Detailed RTL Component Info : 
---------------------------------------------------------------------------------
Finished RTL Component Statistics 
---------------------------------------------------------------------------------
---------------------------------------------------------------------------------
Start Part Resource Summary
---------------------------------------------------------------------------------
Part Resources:
DSPs: 120 (col length:60)
BRAMs: 150 (col length: RAMB18 60 RAMB36 30)
---------------------------------------------------------------------------------
Finished Part Resource Summary
---------------------------------------------------------------------------------
---------------------------------------------------------------------------------
Start Cross Boundary and Area Optimization
---------------------------------------------------------------------------------
WARNING: [Synth 8-7080] Parallel synthesis criteria is not met
WARNING: [Synth 8-3330] design adctest has an empty top module
WARNING: [Synth 8-7129] Port led[15] in module adctest is either unconnected or has no load
WARNING: [Synth 8-7129] Port led[14] in module adctest is either unconnected or has no load
WARNING: [Synth 8-7129] Port led[13] in module adctest is either unconnected or has no load
WARNING: [Synth 8-7129] Port led[12] in module adctest is either unconnected or has no load
WARNING: [Synth 8-7129] Port led[11] in module adctest is either unconnected or has no load
WARNING: [Synth 8-7129] Port led[10] in module adctest is either unconnected or has no load
WARNING: [Synth 8-7129] Port led[9] in module adctest is either unconnected or has no load
WARNING: [Synth 8-7129] Port led[8] in module adctest is either unconnected or has no load
WARNING: [Synth 8-7129] Port led[7] in module adctest is either unconnected or has no load
WARNING: [Synth 8-7129] Port led[6] in module adctest is either unconnected or has no load
WARNING: [Synth 8-7129] Port led[5] in module adctest is either unconnected or has no load
WARNING: [Synth 8-7129] Port led[4] in module adctest is either unconnected or has no load
WARNING: [Synth 8-7129] Port led[3] in module adctest is either unconnected or has no load
WARNING: [Synth 8-7129] Port led[2] in module adctest is either unconnected or has no load
---------------------------------------------------------------------------------
Finished Cross Boundary and Area Optimization : Time (s): cpu = 00:00:01 ; elapsed = 00:00:09 . Memory (MB): peak = 1418.836 ; gain = 543.777
---------------------------------------------------------------------------------
---------------------------------------------------------------------------------
Start Applying XDC Timing Constraints
---------------------------------------------------------------------------------
---------------------------------------------------------------------------------
Finished Applying XDC Timing Constraints : Time (s): cpu = 00:00:01 ; elapsed = 00:00:12 . Memory (MB): peak = 1418.836 ; gain = 543.777
---------------------------------------------------------------------------------
---------------------------------------------------------------------------------
Start Timing Optimization
---------------------------------------------------------------------------------
---------------------------------------------------------------------------------
Finished Timing Optimization : Time (s): cpu = 00:00:01 ; elapsed = 00:00:12 . Memory (MB): peak = 1418.836 ; gain = 543.777
---------------------------------------------------------------------------------
---------------------------------------------------------------------------------
Start Technology Mapping
---------------------------------------------------------------------------------
---------------------------------------------------------------------------------
Finished Technology Mapping : Time (s): cpu = 00:00:01 ; elapsed = 00:00:12 . Memory (MB): peak = 1418.836 ; gain = 543.777
---------------------------------------------------------------------------------
---------------------------------------------------------------------------------
Start IO Insertion
---------------------------------------------------------------------------------
---------------------------------------------------------------------------------
Start Flattening Before IO Insertion
---------------------------------------------------------------------------------
---------------------------------------------------------------------------------
Finished Flattening Before IO Insertion
---------------------------------------------------------------------------------
---------------------------------------------------------------------------------
Start Final Netlist Cleanup
---------------------------------------------------------------------------------
---------------------------------------------------------------------------------
Finished Final Netlist Cleanup
---------------------------------------------------------------------------------
---------------------------------------------------------------------------------
Finished IO Insertion : Time (s): cpu = 00:00:02 ; elapsed = 00:00:15 . Memory (MB): peak = 1418.836 ; gain = 543.777
---------------------------------------------------------------------------------
---------------------------------------------------------------------------------
Start Renaming Generated Instances
---------------------------------------------------------------------------------
---------------------------------------------------------------------------------
Finished Renaming Generated Instances : Time (s): cpu = 00:00:02 ; elapsed = 00:00:15 . Memory (MB): peak = 1418.836 ; gain = 543.777
---------------------------------------------------------------------------------
---------------------------------------------------------------------------------
Start Rebuilding User Hierarchy
---------------------------------------------------------------------------------
---------------------------------------------------------------------------------
Finished Rebuilding User Hierarchy : Time (s): cpu = 00:00:02 ; elapsed = 00:00:15 . Memory (MB): peak = 1418.836 ; gain = 543.777
---------------------------------------------------------------------------------
---------------------------------------------------------------------------------
Start Renaming Generated Ports
---------------------------------------------------------------------------------
---------------------------------------------------------------------------------
Finished Renaming Generated Ports : Time (s): cpu = 00:00:02 ; elapsed = 00:00:15 . Memory (MB): peak = 1418.836 ; gain = 543.777
---------------------------------------------------------------------------------
---------------------------------------------------------------------------------
Start Handling Custom Attributes
---------------------------------------------------------------------------------
---------------------------------------------------------------------------------
Finished Handling Custom Attributes : Time (s): cpu = 00:00:02 ; elapsed = 00:00:15 . Memory (MB): peak = 1418.836 ; gain = 543.777
---------------------------------------------------------------------------------
---------------------------------------------------------------------------------
Start Renaming Generated Nets
---------------------------------------------------------------------------------
---------------------------------------------------------------------------------
Finished Renaming Generated Nets : Time (s): cpu = 00:00:02 ; elapsed = 00:00:15 . Memory (MB): peak = 1418.836 ; gain = 543.777
---------------------------------------------------------------------------------
---------------------------------------------------------------------------------
Start Writing Synthesis Report
---------------------------------------------------------------------------------

Report BlackBoxes: 
+-+--------------+----------+
| |BlackBox name |Instances |
+-+--------------+----------+
+-+--------------+----------+

Report Cell Usage: 
+------+------+------+
|      |Cell  |Count |
+------+------+------+
|1     |IBUF  |     2|
|2     |OBUF  |     2|
|3     |OBUFT |    14|
+------+------+------+
---------------------------------------------------------------------------------
Finished Writing Synthesis Report : Time (s): cpu = 00:00:02 ; elapsed = 00:00:15 . Memory (MB): peak = 1418.836 ; gain = 543.777
---------------------------------------------------------------------------------
Synthesis finished with 0 errors, 1 critical warnings and 16 warnings.
Synthesis Optimization Runtime : Time (s): cpu = 00:00:01 ; elapsed = 00:00:14 . Memory (MB): peak = 1418.836 ; gain = 543.777
Synthesis Optimization Complete : Time (s): cpu = 00:00:02 ; elapsed = 00:00:15 . Memory (MB): peak = 1418.836 ; gain = 543.777
INFO: [Project 1-571] Translating synthesized netlist
Netlist sorting complete. Time (s): cpu = 00:00:00 ; elapsed = 00:00:00 . Memory (MB): peak = 1418.836 ; gain = 0.000
INFO: [Project 1-570] Preparing netlist for logic optimization
INFO: [Opt 31-138] Pushed 0 inverter(s) to 0 load pin(s).
Netlist sorting complete. Time (s): cpu = 00:00:00 ; elapsed = 00:00:00 . Memory (MB): peak = 1419.707 ; gain = 0.000
INFO: [Project 1-111] Unisim Transformation Summary:
No Unisim elements were transformed.

The system cannot find the path specified.
Synth Design complete | Checksum: 2791447f
INFO: [Common 17-83] Releasing license: Synthesis
18 Infos, 86 Warnings, 56 Critical Warnings and 0 Errors encountered.
synth_design completed successfully
synth_design: Time (s): cpu = 00:00:02 ; elapsed = 00:00:17 . Memory (MB): peak = 1419.707 ; gain = 931.184
INFO: [runtcl-6] Synthesis results are not added to the cache due to CRITICAL_WARNING
Write ShapeDB Complete: Time (s): cpu = 00:00:00 ; elapsed = 00:00:00 . Memory (MB): peak = 1419.707 ; gain = 0.000
INFO: [Common 17-1381] The checkpoint 'C:/Users/Peter/Documents/GitHub/xilinx-fpga-projects/bb-template/bb-template.runs/synth_1/adctest.dcp' has been generated.
INFO: [runtcl-4] Executing : report_utilization -file adctest_utilization_synth.rpt -pb adctest_utilization_synth.pb
INFO: [Common 17-206] Exiting Vivado at Thu Apr 25 05:43:28 2024...
