
*** Running vivado
    with args -log ledmaster.vdi -applog -m64 -product Vivado -messageDb vivado.pb -mode batch -source ledmaster.tcl -notrace


ECHO is off.
ECHO is off.

****** Vivado v2023.2 (64-bit)
  **** SW Build 4029153 on Fri Oct 13 20:14:34 MDT 2023
  **** IP Build 4028589 on Sat Oct 14 00:45:43 MDT 2023
  **** SharedData Build 4025554 on Tue Oct 10 17:18:54 MDT 2023
    ** Copyright 1986-2022 Xilinx, Inc. All Rights Reserved.
    ** Copyright 2022-2023 Advanced Micro Devices, Inc. All Rights Reserved.

source ledmaster.tcl -notrace
Command: link_design -top ledmaster -part xc7s50csga324-1
Design is defaulting to srcset: sources_1
Design is defaulting to constrset: constrs_1
INFO: [Device 21-403] Loading part xc7s50csga324-1
Netlist sorting complete. Time (s): cpu = 00:00:00 ; elapsed = 00:00:00.002 . Memory (MB): peak = 874.449 ; gain = 0.000
INFO: [Netlist 29-17] Analyzing 87 Unisim elements for replacement
INFO: [Netlist 29-28] Unisim Transformation completed in 0 CPU seconds
INFO: [Project 1-479] Netlist was created with Vivado 2023.2
INFO: [Project 1-570] Preparing netlist for logic optimization
Parsing XDC File [C:/Users/Peter/Documents/GitHub/xilinx-fpga-projects/booleanboard.xdc]
WARNING: [Vivado 12-584] No ports matched 'sw[0]'. [C:/Users/Peter/Documents/GitHub/xilinx-fpga-projects/booleanboard.xdc:5]
CRITICAL WARNING: [Common 17-55] 'set_property' expects at least one object. [C:/Users/Peter/Documents/GitHub/xilinx-fpga-projects/booleanboard.xdc:5]
Resolution: If [get_<value>] was used to populate the object, check to make sure this command returns at least one valid object.
WARNING: [Vivado 12-584] No ports matched 'sw[1]'. [C:/Users/Peter/Documents/GitHub/xilinx-fpga-projects/booleanboard.xdc:6]
CRITICAL WARNING: [Common 17-55] 'set_property' expects at least one object. [C:/Users/Peter/Documents/GitHub/xilinx-fpga-projects/booleanboard.xdc:6]
Resolution: If [get_<value>] was used to populate the object, check to make sure this command returns at least one valid object.
WARNING: [Vivado 12-584] No ports matched 'sw[2]'. [C:/Users/Peter/Documents/GitHub/xilinx-fpga-projects/booleanboard.xdc:7]
CRITICAL WARNING: [Common 17-55] 'set_property' expects at least one object. [C:/Users/Peter/Documents/GitHub/xilinx-fpga-projects/booleanboard.xdc:7]
Resolution: If [get_<value>] was used to populate the object, check to make sure this command returns at least one valid object.
WARNING: [Vivado 12-584] No ports matched 'sw[3]'. [C:/Users/Peter/Documents/GitHub/xilinx-fpga-projects/booleanboard.xdc:8]
CRITICAL WARNING: [Common 17-55] 'set_property' expects at least one object. [C:/Users/Peter/Documents/GitHub/xilinx-fpga-projects/booleanboard.xdc:8]
Resolution: If [get_<value>] was used to populate the object, check to make sure this command returns at least one valid object.
WARNING: [Vivado 12-584] No ports matched 'sw[4]'. [C:/Users/Peter/Documents/GitHub/xilinx-fpga-projects/booleanboard.xdc:9]
CRITICAL WARNING: [Common 17-55] 'set_property' expects at least one object. [C:/Users/Peter/Documents/GitHub/xilinx-fpga-projects/booleanboard.xdc:9]
Resolution: If [get_<value>] was used to populate the object, check to make sure this command returns at least one valid object.
WARNING: [Vivado 12-584] No ports matched 'sw[5]'. [C:/Users/Peter/Documents/GitHub/xilinx-fpga-projects/booleanboard.xdc:10]
CRITICAL WARNING: [Common 17-55] 'set_property' expects at least one object. [C:/Users/Peter/Documents/GitHub/xilinx-fpga-projects/booleanboard.xdc:10]
Resolution: If [get_<value>] was used to populate the object, check to make sure this command returns at least one valid object.
WARNING: [Vivado 12-584] No ports matched 'sw[6]'. [C:/Users/Peter/Documents/GitHub/xilinx-fpga-projects/booleanboard.xdc:11]
CRITICAL WARNING: [Common 17-55] 'set_property' expects at least one object. [C:/Users/Peter/Documents/GitHub/xilinx-fpga-projects/booleanboard.xdc:11]
Resolution: If [get_<value>] was used to populate the object, check to make sure this command returns at least one valid object.
WARNING: [Vivado 12-584] No ports matched 'sw[7]'. [C:/Users/Peter/Documents/GitHub/xilinx-fpga-projects/booleanboard.xdc:12]
CRITICAL WARNING: [Common 17-55] 'set_property' expects at least one object. [C:/Users/Peter/Documents/GitHub/xilinx-fpga-projects/booleanboard.xdc:12]
Resolution: If [get_<value>] was used to populate the object, check to make sure this command returns at least one valid object.
WARNING: [Vivado 12-584] No ports matched 'sw[8]'. [C:/Users/Peter/Documents/GitHub/xilinx-fpga-projects/booleanboard.xdc:13]
CRITICAL WARNING: [Common 17-55] 'set_property' expects at least one object. [C:/Users/Peter/Documents/GitHub/xilinx-fpga-projects/booleanboard.xdc:13]
Resolution: If [get_<value>] was used to populate the object, check to make sure this command returns at least one valid object.
WARNING: [Vivado 12-584] No ports matched 'sw[9]'. [C:/Users/Peter/Documents/GitHub/xilinx-fpga-projects/booleanboard.xdc:14]
CRITICAL WARNING: [Common 17-55] 'set_property' expects at least one object. [C:/Users/Peter/Documents/GitHub/xilinx-fpga-projects/booleanboard.xdc:14]
Resolution: If [get_<value>] was used to populate the object, check to make sure this command returns at least one valid object.
WARNING: [Vivado 12-584] No ports matched 'sw[10]'. [C:/Users/Peter/Documents/GitHub/xilinx-fpga-projects/booleanboard.xdc:15]
CRITICAL WARNING: [Common 17-55] 'set_property' expects at least one object. [C:/Users/Peter/Documents/GitHub/xilinx-fpga-projects/booleanboard.xdc:15]
Resolution: If [get_<value>] was used to populate the object, check to make sure this command returns at least one valid object.
WARNING: [Vivado 12-584] No ports matched 'sw[11]'. [C:/Users/Peter/Documents/GitHub/xilinx-fpga-projects/booleanboard.xdc:16]
CRITICAL WARNING: [Common 17-55] 'set_property' expects at least one object. [C:/Users/Peter/Documents/GitHub/xilinx-fpga-projects/booleanboard.xdc:16]
Resolution: If [get_<value>] was used to populate the object, check to make sure this command returns at least one valid object.
WARNING: [Vivado 12-584] No ports matched 'sw[12]'. [C:/Users/Peter/Documents/GitHub/xilinx-fpga-projects/booleanboard.xdc:17]
CRITICAL WARNING: [Common 17-55] 'set_property' expects at least one object. [C:/Users/Peter/Documents/GitHub/xilinx-fpga-projects/booleanboard.xdc:17]
Resolution: If [get_<value>] was used to populate the object, check to make sure this command returns at least one valid object.
WARNING: [Vivado 12-584] No ports matched 'sw[13]'. [C:/Users/Peter/Documents/GitHub/xilinx-fpga-projects/booleanboard.xdc:18]
CRITICAL WARNING: [Common 17-55] 'set_property' expects at least one object. [C:/Users/Peter/Documents/GitHub/xilinx-fpga-projects/booleanboard.xdc:18]
Resolution: If [get_<value>] was used to populate the object, check to make sure this command returns at least one valid object.
WARNING: [Vivado 12-584] No ports matched 'sw[14]'. [C:/Users/Peter/Documents/GitHub/xilinx-fpga-projects/booleanboard.xdc:19]
CRITICAL WARNING: [Common 17-55] 'set_property' expects at least one object. [C:/Users/Peter/Documents/GitHub/xilinx-fpga-projects/booleanboard.xdc:19]
Resolution: If [get_<value>] was used to populate the object, check to make sure this command returns at least one valid object.
WARNING: [Vivado 12-584] No ports matched 'sw[15]'. [C:/Users/Peter/Documents/GitHub/xilinx-fpga-projects/booleanboard.xdc:20]
CRITICAL WARNING: [Common 17-55] 'set_property' expects at least one object. [C:/Users/Peter/Documents/GitHub/xilinx-fpga-projects/booleanboard.xdc:20]
Resolution: If [get_<value>] was used to populate the object, check to make sure this command returns at least one valid object.
WARNING: [Vivado 12-584] No ports matched 'led[0]'. [C:/Users/Peter/Documents/GitHub/xilinx-fpga-projects/booleanboard.xdc:23]
CRITICAL WARNING: [Common 17-55] 'set_property' expects at least one object. [C:/Users/Peter/Documents/GitHub/xilinx-fpga-projects/booleanboard.xdc:23]
Resolution: If [get_<value>] was used to populate the object, check to make sure this command returns at least one valid object.
WARNING: [Vivado 12-584] No ports matched 'led[1]'. [C:/Users/Peter/Documents/GitHub/xilinx-fpga-projects/booleanboard.xdc:24]
CRITICAL WARNING: [Common 17-55] 'set_property' expects at least one object. [C:/Users/Peter/Documents/GitHub/xilinx-fpga-projects/booleanboard.xdc:24]
Resolution: If [get_<value>] was used to populate the object, check to make sure this command returns at least one valid object.
WARNING: [Vivado 12-584] No ports matched 'led[2]'. [C:/Users/Peter/Documents/GitHub/xilinx-fpga-projects/booleanboard.xdc:25]
CRITICAL WARNING: [Common 17-55] 'set_property' expects at least one object. [C:/Users/Peter/Documents/GitHub/xilinx-fpga-projects/booleanboard.xdc:25]
Resolution: If [get_<value>] was used to populate the object, check to make sure this command returns at least one valid object.
WARNING: [Vivado 12-584] No ports matched 'led[3]'. [C:/Users/Peter/Documents/GitHub/xilinx-fpga-projects/booleanboard.xdc:26]
CRITICAL WARNING: [Common 17-55] 'set_property' expects at least one object. [C:/Users/Peter/Documents/GitHub/xilinx-fpga-projects/booleanboard.xdc:26]
Resolution: If [get_<value>] was used to populate the object, check to make sure this command returns at least one valid object.
WARNING: [Vivado 12-584] No ports matched 'led[4]'. [C:/Users/Peter/Documents/GitHub/xilinx-fpga-projects/booleanboard.xdc:27]
CRITICAL WARNING: [Common 17-55] 'set_property' expects at least one object. [C:/Users/Peter/Documents/GitHub/xilinx-fpga-projects/booleanboard.xdc:27]
Resolution: If [get_<value>] was used to populate the object, check to make sure this command returns at least one valid object.
WARNING: [Vivado 12-584] No ports matched 'led[5]'. [C:/Users/Peter/Documents/GitHub/xilinx-fpga-projects/booleanboard.xdc:28]
CRITICAL WARNING: [Common 17-55] 'set_property' expects at least one object. [C:/Users/Peter/Documents/GitHub/xilinx-fpga-projects/booleanboard.xdc:28]
Resolution: If [get_<value>] was used to populate the object, check to make sure this command returns at least one valid object.
WARNING: [Vivado 12-584] No ports matched 'led[6]'. [C:/Users/Peter/Documents/GitHub/xilinx-fpga-projects/booleanboard.xdc:29]
CRITICAL WARNING: [Common 17-55] 'set_property' expects at least one object. [C:/Users/Peter/Documents/GitHub/xilinx-fpga-projects/booleanboard.xdc:29]
Resolution: If [get_<value>] was used to populate the object, check to make sure this command returns at least one valid object.
WARNING: [Vivado 12-584] No ports matched 'led[7]'. [C:/Users/Peter/Documents/GitHub/xilinx-fpga-projects/booleanboard.xdc:30]
CRITICAL WARNING: [Common 17-55] 'set_property' expects at least one object. [C:/Users/Peter/Documents/GitHub/xilinx-fpga-projects/booleanboard.xdc:30]
Resolution: If [get_<value>] was used to populate the object, check to make sure this command returns at least one valid object.
WARNING: [Vivado 12-584] No ports matched 'led[8]'. [C:/Users/Peter/Documents/GitHub/xilinx-fpga-projects/booleanboard.xdc:31]
CRITICAL WARNING: [Common 17-55] 'set_property' expects at least one object. [C:/Users/Peter/Documents/GitHub/xilinx-fpga-projects/booleanboard.xdc:31]
Resolution: If [get_<value>] was used to populate the object, check to make sure this command returns at least one valid object.
WARNING: [Vivado 12-584] No ports matched 'led[9]'. [C:/Users/Peter/Documents/GitHub/xilinx-fpga-projects/booleanboard.xdc:32]
CRITICAL WARNING: [Common 17-55] 'set_property' expects at least one object. [C:/Users/Peter/Documents/GitHub/xilinx-fpga-projects/booleanboard.xdc:32]
Resolution: If [get_<value>] was used to populate the object, check to make sure this command returns at least one valid object.
WARNING: [Vivado 12-584] No ports matched 'led[10]'. [C:/Users/Peter/Documents/GitHub/xilinx-fpga-projects/booleanboard.xdc:33]
CRITICAL WARNING: [Common 17-55] 'set_property' expects at least one object. [C:/Users/Peter/Documents/GitHub/xilinx-fpga-projects/booleanboard.xdc:33]
Resolution: If [get_<value>] was used to populate the object, check to make sure this command returns at least one valid object.
WARNING: [Vivado 12-584] No ports matched 'led[11]'. [C:/Users/Peter/Documents/GitHub/xilinx-fpga-projects/booleanboard.xdc:34]
CRITICAL WARNING: [Common 17-55] 'set_property' expects at least one object. [C:/Users/Peter/Documents/GitHub/xilinx-fpga-projects/booleanboard.xdc:34]
Resolution: If [get_<value>] was used to populate the object, check to make sure this command returns at least one valid object.
WARNING: [Vivado 12-584] No ports matched 'led[12]'. [C:/Users/Peter/Documents/GitHub/xilinx-fpga-projects/booleanboard.xdc:35]
CRITICAL WARNING: [Common 17-55] 'set_property' expects at least one object. [C:/Users/Peter/Documents/GitHub/xilinx-fpga-projects/booleanboard.xdc:35]
Resolution: If [get_<value>] was used to populate the object, check to make sure this command returns at least one valid object.
WARNING: [Vivado 12-584] No ports matched 'led[13]'. [C:/Users/Peter/Documents/GitHub/xilinx-fpga-projects/booleanboard.xdc:36]
CRITICAL WARNING: [Common 17-55] 'set_property' expects at least one object. [C:/Users/Peter/Documents/GitHub/xilinx-fpga-projects/booleanboard.xdc:36]
Resolution: If [get_<value>] was used to populate the object, check to make sure this command returns at least one valid object.
WARNING: [Vivado 12-584] No ports matched 'led[14]'. [C:/Users/Peter/Documents/GitHub/xilinx-fpga-projects/booleanboard.xdc:37]
CRITICAL WARNING: [Common 17-55] 'set_property' expects at least one object. [C:/Users/Peter/Documents/GitHub/xilinx-fpga-projects/booleanboard.xdc:37]
Resolution: If [get_<value>] was used to populate the object, check to make sure this command returns at least one valid object.
WARNING: [Vivado 12-584] No ports matched 'led[15]'. [C:/Users/Peter/Documents/GitHub/xilinx-fpga-projects/booleanboard.xdc:38]
CRITICAL WARNING: [Common 17-55] 'set_property' expects at least one object. [C:/Users/Peter/Documents/GitHub/xilinx-fpga-projects/booleanboard.xdc:38]
Resolution: If [get_<value>] was used to populate the object, check to make sure this command returns at least one valid object.
WARNING: [Vivado 12-584] No ports matched 'btn[0]'. [C:/Users/Peter/Documents/GitHub/xilinx-fpga-projects/booleanboard.xdc:41]
CRITICAL WARNING: [Common 17-55] 'set_property' expects at least one object. [C:/Users/Peter/Documents/GitHub/xilinx-fpga-projects/booleanboard.xdc:41]
Resolution: If [get_<value>] was used to populate the object, check to make sure this command returns at least one valid object.
WARNING: [Vivado 12-584] No ports matched 'btn[1]'. [C:/Users/Peter/Documents/GitHub/xilinx-fpga-projects/booleanboard.xdc:42]
CRITICAL WARNING: [Common 17-55] 'set_property' expects at least one object. [C:/Users/Peter/Documents/GitHub/xilinx-fpga-projects/booleanboard.xdc:42]
Resolution: If [get_<value>] was used to populate the object, check to make sure this command returns at least one valid object.
WARNING: [Vivado 12-584] No ports matched 'btn[2]'. [C:/Users/Peter/Documents/GitHub/xilinx-fpga-projects/booleanboard.xdc:43]
CRITICAL WARNING: [Common 17-55] 'set_property' expects at least one object. [C:/Users/Peter/Documents/GitHub/xilinx-fpga-projects/booleanboard.xdc:43]
Resolution: If [get_<value>] was used to populate the object, check to make sure this command returns at least one valid object.
WARNING: [Vivado 12-584] No ports matched 'btn[3]'. [C:/Users/Peter/Documents/GitHub/xilinx-fpga-projects/booleanboard.xdc:44]
CRITICAL WARNING: [Common 17-55] 'set_property' expects at least one object. [C:/Users/Peter/Documents/GitHub/xilinx-fpga-projects/booleanboard.xdc:44]
Resolution: If [get_<value>] was used to populate the object, check to make sure this command returns at least one valid object.
WARNING: [Vivado 12-507] No nets matched 'btn[0]'. [C:/Users/Peter/Documents/GitHub/xilinx-fpga-projects/booleanboard.xdc:46]
CRITICAL WARNING: [Common 17-55] 'set_property' expects at least one object. [C:/Users/Peter/Documents/GitHub/xilinx-fpga-projects/booleanboard.xdc:46]
Resolution: If [get_<value>] was used to populate the object, check to make sure this command returns at least one valid object.
WARNING: [Vivado 12-507] No nets matched 'btn[1]'. [C:/Users/Peter/Documents/GitHub/xilinx-fpga-projects/booleanboard.xdc:47]
CRITICAL WARNING: [Common 17-55] 'set_property' expects at least one object. [C:/Users/Peter/Documents/GitHub/xilinx-fpga-projects/booleanboard.xdc:47]
Resolution: If [get_<value>] was used to populate the object, check to make sure this command returns at least one valid object.
WARNING: [Vivado 12-507] No nets matched 'btn[2]'. [C:/Users/Peter/Documents/GitHub/xilinx-fpga-projects/booleanboard.xdc:48]
CRITICAL WARNING: [Common 17-55] 'set_property' expects at least one object. [C:/Users/Peter/Documents/GitHub/xilinx-fpga-projects/booleanboard.xdc:48]
Resolution: If [get_<value>] was used to populate the object, check to make sure this command returns at least one valid object.
WARNING: [Vivado 12-507] No nets matched 'btn[3]'. [C:/Users/Peter/Documents/GitHub/xilinx-fpga-projects/booleanboard.xdc:49]
CRITICAL WARNING: [Common 17-55] 'set_property' expects at least one object. [C:/Users/Peter/Documents/GitHub/xilinx-fpga-projects/booleanboard.xdc:49]
Resolution: If [get_<value>] was used to populate the object, check to make sure this command returns at least one valid object.
WARNING: [Vivado 12-584] No ports matched 'RGB0[0]'. [C:/Users/Peter/Documents/GitHub/xilinx-fpga-projects/booleanboard.xdc:52]
CRITICAL WARNING: [Common 17-55] 'set_property' expects at least one object. [C:/Users/Peter/Documents/GitHub/xilinx-fpga-projects/booleanboard.xdc:52]
Resolution: If [get_<value>] was used to populate the object, check to make sure this command returns at least one valid object.
WARNING: [Vivado 12-584] No ports matched 'RGB0[1]'. [C:/Users/Peter/Documents/GitHub/xilinx-fpga-projects/booleanboard.xdc:53]
CRITICAL WARNING: [Common 17-55] 'set_property' expects at least one object. [C:/Users/Peter/Documents/GitHub/xilinx-fpga-projects/booleanboard.xdc:53]
Resolution: If [get_<value>] was used to populate the object, check to make sure this command returns at least one valid object.
WARNING: [Vivado 12-584] No ports matched 'RGB0[2]'. [C:/Users/Peter/Documents/GitHub/xilinx-fpga-projects/booleanboard.xdc:54]
CRITICAL WARNING: [Common 17-55] 'set_property' expects at least one object. [C:/Users/Peter/Documents/GitHub/xilinx-fpga-projects/booleanboard.xdc:54]
Resolution: If [get_<value>] was used to populate the object, check to make sure this command returns at least one valid object.
WARNING: [Vivado 12-584] No ports matched 'RGB1[0]'. [C:/Users/Peter/Documents/GitHub/xilinx-fpga-projects/booleanboard.xdc:55]
CRITICAL WARNING: [Common 17-55] 'set_property' expects at least one object. [C:/Users/Peter/Documents/GitHub/xilinx-fpga-projects/booleanboard.xdc:55]
Resolution: If [get_<value>] was used to populate the object, check to make sure this command returns at least one valid object.
WARNING: [Vivado 12-584] No ports matched 'RGB1[1]'. [C:/Users/Peter/Documents/GitHub/xilinx-fpga-projects/booleanboard.xdc:56]
CRITICAL WARNING: [Common 17-55] 'set_property' expects at least one object. [C:/Users/Peter/Documents/GitHub/xilinx-fpga-projects/booleanboard.xdc:56]
Resolution: If [get_<value>] was used to populate the object, check to make sure this command returns at least one valid object.
WARNING: [Vivado 12-584] No ports matched 'RGB1[2]'. [C:/Users/Peter/Documents/GitHub/xilinx-fpga-projects/booleanboard.xdc:57]
CRITICAL WARNING: [Common 17-55] 'set_property' expects at least one object. [C:/Users/Peter/Documents/GitHub/xilinx-fpga-projects/booleanboard.xdc:57]
Resolution: If [get_<value>] was used to populate the object, check to make sure this command returns at least one valid object.
WARNING: [Vivado 12-584] No ports matched 'D0_a[0]'. [C:/Users/Peter/Documents/GitHub/xilinx-fpga-projects/booleanboard.xdc:60]
CRITICAL WARNING: [Common 17-55] 'set_property' expects at least one object. [C:/Users/Peter/Documents/GitHub/xilinx-fpga-projects/booleanboard.xdc:60]
Resolution: If [get_<value>] was used to populate the object, check to make sure this command returns at least one valid object.
WARNING: [Vivado 12-584] No ports matched 'D0_a[1]'. [C:/Users/Peter/Documents/GitHub/xilinx-fpga-projects/booleanboard.xdc:61]
CRITICAL WARNING: [Common 17-55] 'set_property' expects at least one object. [C:/Users/Peter/Documents/GitHub/xilinx-fpga-projects/booleanboard.xdc:61]
Resolution: If [get_<value>] was used to populate the object, check to make sure this command returns at least one valid object.
WARNING: [Vivado 12-584] No ports matched 'D0_a[2]'. [C:/Users/Peter/Documents/GitHub/xilinx-fpga-projects/booleanboard.xdc:62]
CRITICAL WARNING: [Common 17-55] 'set_property' expects at least one object. [C:/Users/Peter/Documents/GitHub/xilinx-fpga-projects/booleanboard.xdc:62]
Resolution: If [get_<value>] was used to populate the object, check to make sure this command returns at least one valid object.
WARNING: [Vivado 12-584] No ports matched 'D0_a[3]'. [C:/Users/Peter/Documents/GitHub/xilinx-fpga-projects/booleanboard.xdc:63]
CRITICAL WARNING: [Common 17-55] 'set_property' expects at least one object. [C:/Users/Peter/Documents/GitHub/xilinx-fpga-projects/booleanboard.xdc:63]
Resolution: If [get_<value>] was used to populate the object, check to make sure this command returns at least one valid object.
WARNING: [Vivado 12-584] No ports matched 'D0_seg[0]'. [C:/Users/Peter/Documents/GitHub/xilinx-fpga-projects/booleanboard.xdc:64]
CRITICAL WARNING: [Common 17-55] 'set_property' expects at least one object. [C:/Users/Peter/Documents/GitHub/xilinx-fpga-projects/booleanboard.xdc:64]
Resolution: If [get_<value>] was used to populate the object, check to make sure this command returns at least one valid object.
WARNING: [Vivado 12-584] No ports matched 'D0_seg[1]'. [C:/Users/Peter/Documents/GitHub/xilinx-fpga-projects/booleanboard.xdc:65]
CRITICAL WARNING: [Common 17-55] 'set_property' expects at least one object. [C:/Users/Peter/Documents/GitHub/xilinx-fpga-projects/booleanboard.xdc:65]
Resolution: If [get_<value>] was used to populate the object, check to make sure this command returns at least one valid object.
WARNING: [Vivado 12-584] No ports matched 'D0_seg[2]'. [C:/Users/Peter/Documents/GitHub/xilinx-fpga-projects/booleanboard.xdc:66]
CRITICAL WARNING: [Common 17-55] 'set_property' expects at least one object. [C:/Users/Peter/Documents/GitHub/xilinx-fpga-projects/booleanboard.xdc:66]
Resolution: If [get_<value>] was used to populate the object, check to make sure this command returns at least one valid object.
WARNING: [Vivado 12-584] No ports matched 'D0_seg[3]'. [C:/Users/Peter/Documents/GitHub/xilinx-fpga-projects/booleanboard.xdc:67]
CRITICAL WARNING: [Common 17-55] 'set_property' expects at least one object. [C:/Users/Peter/Documents/GitHub/xilinx-fpga-projects/booleanboard.xdc:67]
Resolution: If [get_<value>] was used to populate the object, check to make sure this command returns at least one valid object.
WARNING: [Vivado 12-584] No ports matched 'D0_seg[4]'. [C:/Users/Peter/Documents/GitHub/xilinx-fpga-projects/booleanboard.xdc:68]
CRITICAL WARNING: [Common 17-55] 'set_property' expects at least one object. [C:/Users/Peter/Documents/GitHub/xilinx-fpga-projects/booleanboard.xdc:68]
Resolution: If [get_<value>] was used to populate the object, check to make sure this command returns at least one valid object.
WARNING: [Vivado 12-584] No ports matched 'D0_seg[5]'. [C:/Users/Peter/Documents/GitHub/xilinx-fpga-projects/booleanboard.xdc:69]
CRITICAL WARNING: [Common 17-55] 'set_property' expects at least one object. [C:/Users/Peter/Documents/GitHub/xilinx-fpga-projects/booleanboard.xdc:69]
Resolution: If [get_<value>] was used to populate the object, check to make sure this command returns at least one valid object.
WARNING: [Vivado 12-584] No ports matched 'D0_seg[6]'. [C:/Users/Peter/Documents/GitHub/xilinx-fpga-projects/booleanboard.xdc:70]
CRITICAL WARNING: [Common 17-55] 'set_property' expects at least one object. [C:/Users/Peter/Documents/GitHub/xilinx-fpga-projects/booleanboard.xdc:70]
Resolution: If [get_<value>] was used to populate the object, check to make sure this command returns at least one valid object.
WARNING: [Vivado 12-584] No ports matched 'D0_seg[7]'. [C:/Users/Peter/Documents/GitHub/xilinx-fpga-projects/booleanboard.xdc:71]
CRITICAL WARNING: [Common 17-55] 'set_property' expects at least one object. [C:/Users/Peter/Documents/GitHub/xilinx-fpga-projects/booleanboard.xdc:71]
Resolution: If [get_<value>] was used to populate the object, check to make sure this command returns at least one valid object.
WARNING: [Vivado 12-584] No ports matched 'D1_a[0]'. [C:/Users/Peter/Documents/GitHub/xilinx-fpga-projects/booleanboard.xdc:74]
CRITICAL WARNING: [Common 17-55] 'set_property' expects at least one object. [C:/Users/Peter/Documents/GitHub/xilinx-fpga-projects/booleanboard.xdc:74]
Resolution: If [get_<value>] was used to populate the object, check to make sure this command returns at least one valid object.
WARNING: [Vivado 12-584] No ports matched 'D1_a[1]'. [C:/Users/Peter/Documents/GitHub/xilinx-fpga-projects/booleanboard.xdc:75]
CRITICAL WARNING: [Common 17-55] 'set_property' expects at least one object. [C:/Users/Peter/Documents/GitHub/xilinx-fpga-projects/booleanboard.xdc:75]
Resolution: If [get_<value>] was used to populate the object, check to make sure this command returns at least one valid object.
WARNING: [Vivado 12-584] No ports matched 'D1_a[2]'. [C:/Users/Peter/Documents/GitHub/xilinx-fpga-projects/booleanboard.xdc:76]
CRITICAL WARNING: [Common 17-55] 'set_property' expects at least one object. [C:/Users/Peter/Documents/GitHub/xilinx-fpga-projects/booleanboard.xdc:76]
Resolution: If [get_<value>] was used to populate the object, check to make sure this command returns at least one valid object.
WARNING: [Vivado 12-584] No ports matched 'D1_a[3]'. [C:/Users/Peter/Documents/GitHub/xilinx-fpga-projects/booleanboard.xdc:77]
CRITICAL WARNING: [Common 17-55] 'set_property' expects at least one object. [C:/Users/Peter/Documents/GitHub/xilinx-fpga-projects/booleanboard.xdc:77]
Resolution: If [get_<value>] was used to populate the object, check to make sure this command returns at least one valid object.
WARNING: [Vivado 12-584] No ports matched 'D1_seg[0]'. [C:/Users/Peter/Documents/GitHub/xilinx-fpga-projects/booleanboard.xdc:78]
CRITICAL WARNING: [Common 17-55] 'set_property' expects at least one object. [C:/Users/Peter/Documents/GitHub/xilinx-fpga-projects/booleanboard.xdc:78]
Resolution: If [get_<value>] was used to populate the object, check to make sure this command returns at least one valid object.
WARNING: [Vivado 12-584] No ports matched 'D1_seg[1]'. [C:/Users/Peter/Documents/GitHub/xilinx-fpga-projects/booleanboard.xdc:79]
CRITICAL WARNING: [Common 17-55] 'set_property' expects at least one object. [C:/Users/Peter/Documents/GitHub/xilinx-fpga-projects/booleanboard.xdc:79]
Resolution: If [get_<value>] was used to populate the object, check to make sure this command returns at least one valid object.
WARNING: [Vivado 12-584] No ports matched 'D1_seg[2]'. [C:/Users/Peter/Documents/GitHub/xilinx-fpga-projects/booleanboard.xdc:80]
CRITICAL WARNING: [Common 17-55] 'set_property' expects at least one object. [C:/Users/Peter/Documents/GitHub/xilinx-fpga-projects/booleanboard.xdc:80]
Resolution: If [get_<value>] was used to populate the object, check to make sure this command returns at least one valid object.
WARNING: [Vivado 12-584] No ports matched 'D1_seg[3]'. [C:/Users/Peter/Documents/GitHub/xilinx-fpga-projects/booleanboard.xdc:81]
CRITICAL WARNING: [Common 17-55] 'set_property' expects at least one object. [C:/Users/Peter/Documents/GitHub/xilinx-fpga-projects/booleanboard.xdc:81]
Resolution: If [get_<value>] was used to populate the object, check to make sure this command returns at least one valid object.
WARNING: [Vivado 12-584] No ports matched 'D1_seg[4]'. [C:/Users/Peter/Documents/GitHub/xilinx-fpga-projects/booleanboard.xdc:82]
CRITICAL WARNING: [Common 17-55] 'set_property' expects at least one object. [C:/Users/Peter/Documents/GitHub/xilinx-fpga-projects/booleanboard.xdc:82]
Resolution: If [get_<value>] was used to populate the object, check to make sure this command returns at least one valid object.
WARNING: [Vivado 12-584] No ports matched 'D1_seg[5]'. [C:/Users/Peter/Documents/GitHub/xilinx-fpga-projects/booleanboard.xdc:83]
CRITICAL WARNING: [Common 17-55] 'set_property' expects at least one object. [C:/Users/Peter/Documents/GitHub/xilinx-fpga-projects/booleanboard.xdc:83]
Resolution: If [get_<value>] was used to populate the object, check to make sure this command returns at least one valid object.
WARNING: [Vivado 12-584] No ports matched 'D1_seg[6]'. [C:/Users/Peter/Documents/GitHub/xilinx-fpga-projects/booleanboard.xdc:84]
CRITICAL WARNING: [Common 17-55] 'set_property' expects at least one object. [C:/Users/Peter/Documents/GitHub/xilinx-fpga-projects/booleanboard.xdc:84]
Resolution: If [get_<value>] was used to populate the object, check to make sure this command returns at least one valid object.
WARNING: [Vivado 12-584] No ports matched 'D1_seg[7]'. [C:/Users/Peter/Documents/GitHub/xilinx-fpga-projects/booleanboard.xdc:85]
CRITICAL WARNING: [Common 17-55] 'set_property' expects at least one object. [C:/Users/Peter/Documents/GitHub/xilinx-fpga-projects/booleanboard.xdc:85]
Resolution: If [get_<value>] was used to populate the object, check to make sure this command returns at least one valid object.
WARNING: [Vivado 12-584] No ports matched 'XADC[0]'. [C:/Users/Peter/Documents/GitHub/xilinx-fpga-projects/booleanboard.xdc:88]
CRITICAL WARNING: [Common 17-55] 'set_property' expects at least one object. [C:/Users/Peter/Documents/GitHub/xilinx-fpga-projects/booleanboard.xdc:88]
Resolution: If [get_<value>] was used to populate the object, check to make sure this command returns at least one valid object.
WARNING: [Vivado 12-584] No ports matched 'XADC[1]'. [C:/Users/Peter/Documents/GitHub/xilinx-fpga-projects/booleanboard.xdc:89]
CRITICAL WARNING: [Common 17-55] 'set_property' expects at least one object. [C:/Users/Peter/Documents/GitHub/xilinx-fpga-projects/booleanboard.xdc:89]
Resolution: If [get_<value>] was used to populate the object, check to make sure this command returns at least one valid object.
Finished Parsing XDC File [C:/Users/Peter/Documents/GitHub/xilinx-fpga-projects/booleanboard.xdc]
INFO: [Opt 31-138] Pushed 0 inverter(s) to 0 load pin(s).
Netlist sorting complete. Time (s): cpu = 00:00:00 ; elapsed = 00:00:00 . Memory (MB): peak = 993.207 ; gain = 0.000
INFO: [Project 1-111] Unisim Transformation Summary:
No Unisim elements were transformed.

The system cannot find the path specified.
7 Infos, 72 Warnings, 72 Critical Warnings and 0 Errors encountered.
link_design completed successfully
Command: opt_design
Attempting to get a license for feature 'Implementation' and/or device 'xc7s50'
INFO: [Common 17-349] Got license for feature 'Implementation' and/or device 'xc7s50'
Running DRC as a precondition to command opt_design

Starting DRC Task
INFO: [DRC 23-27] Running DRC with 2 threads
INFO: [Project 1-461] DRC finished with 0 Errors
INFO: [Project 1-462] Please refer to the DRC report (report_drc) for more information.

Time (s): cpu = 00:00:00 ; elapsed = 00:00:00.439 . Memory (MB): peak = 1022.020 ; gain = 24.809

Starting Cache Timing Information Task
INFO: [Timing 38-35] Done setting XDC timing constraints.
Ending Cache Timing Information Task | Checksum: 21ddec7a6

Time (s): cpu = 00:00:00 ; elapsed = 00:00:04 . Memory (MB): peak = 1476.535 ; gain = 454.516
